GROUP,PACKAGE,CLASS,INSTRUCTION_MISSED,INSTRUCTION_COVERED,BRANCH_MISSED,BRANCH_COVERED,LINE_MISSED,LINE_COVERED,COMPLEXITY_MISSED,COMPLEXITY_COVERED,METHOD_MISSED,METHOD_COVERED
,com.uteq.asistente_academico.service,AuthService,0,65,0,0,0,22,0,5,0,5
,com.uteq.asistente_academico.service,RedisService,18,15,0,0,3,6,1,3,1,3
,com.uteq.asistente_academico.service,UsuarioService,4,35,0,0,1,7,1,4,1,4
,com.uteq.asistente_academico,AsistenteAcademicoApplication,5,3,0,0,2,1,1,1,1,1
,com.uteq.asistente_academico.config,SecurityConfig,0,64,0,0,0,11,0,5,0,5
,com.uteq.asistente_academico.controller,AuthController,122,3,8,0,25,1,7,1,3,1
,com.uteq.asistente_academico.controller,DashboardController,10,79,2,2,2,19,2,4,0,4
,com.uteq.asistente_academico.controller,TareaController,27,174,6,8,7,35,7,13,1,12
,com.uteq.asistente_academico.security,JwtAuthFilter,0,56,3,5,0,12,3,3,0,2
